<?xml version="1.0" encoding="UTF-8"?>
<!-- Generated by org.testng.reporters.JUnitXMLReporter -->
<testsuite ignored="0" hostname="LAPTOP-DI9KG3PP" failures="0" tests="4" name="Surefire test" time="0.416" errors="0" timestamp="2023-03-06T23:10:46 ICT">
  <testcase classname="org.teamswt301.dirverdatabasedata.dao.test.CharacterCRUDNGTest" name="testCreateCharacterWithValues1" time="0.006"/>
  <testcase classname="org.teamswt301.dirverdatabasedata.dao.test.CharacterCRUDNGTest" name="testCreateCharacterWithValues2" time="0.0"/>
  <testcase classname="org.teamswt301.dirverdatabasedata.dao.test.CharacterCRUDNGTest" name="testCreateCharacterWithValues3" time="0.322"/>
  <testcase classname="org.teamswt301.dirverdatabasedata.dao.test.CharacterCRUDNGTest" name="testDeleteCharacterWithGivenRightArgumentReturnWell" time="0.034"/>
</testsuite> <!-- Surefire test -->
