<?xml version="1.0" encoding="UTF-8"?>
<!-- Generated by org.testng.reporters.JUnitXMLReporter -->
<testsuite ignored="0" hostname="LAPTOP-DI9KG3PP" failures="0" tests="4" name="Surefire test" time="53.115" errors="0" timestamp="2023-03-06T23:03:14 ICT">
  <testcase classname="org.teamswt301.dirverdatabasedata.dao.test.CharacterCRUDNGTest" name="@AfterTest testDeleteCharacterWithGivenRightArgumentReturnWell" time="43.207">
    <failure type="java.lang.AssertionError" message="expected [true] but found [false]">
      <![CDATA[java.lang.AssertionError: expected [true] but found [false]
at org.teamswt301.dirverdatabasedata.dao.test.CharacterCRUDNGTest.testDeleteCharacterWithGivenRightArgumentReturnWell(CharacterCRUDNGTest.java:69)
... Removed 34 stack frames]]>
    </failure>
  </testcase> <!-- @AfterTest testDeleteCharacterWithGivenRightArgumentReturnWell -->
  <testcase classname="org.teamswt301.dirverdatabasedata.dao.test.CharacterCRUDNGTest" name="testCreateCharacterWithValues1" time="0.016"/>
  <testcase classname="org.teamswt301.dirverdatabasedata.dao.test.CharacterCRUDNGTest" name="testCreateCharacterWithValues2" time="0.0"/>
  <testcase classname="org.teamswt301.dirverdatabasedata.dao.test.CharacterCRUDNGTest" name="testCreateCharacterWithValues3" time="0.41"/>
  <testcase classname="org.teamswt301.dirverdatabasedata.dao.test.CharacterCRUDNGTest" name="testDeleteCharacterWithGivenRightArgumentReturnWell" time="9.437"/>
</testsuite> <!-- Surefire test -->
