-------------------------------------------------------------------------------
Test set: org.teamswt301.dirverdatabasedata.dao.test.CharacterCRUDNGTest
-------------------------------------------------------------------------------
Tests run: 5, Failures: 1, Errors: 0, Skipped: 0, Time elapsed: 53.623 s <<< FAILURE! - in org.teamswt301.dirverdatabasedata.dao.test.CharacterCRUDNGTest
testDeleteCharacterWithGivenRightArgumentReturnWell(org.teamswt301.dirverdatabasedata.dao.test.CharacterCRUDNGTest)  Time elapsed: 52.651 s  <<< FAILURE!
java.lang.AssertionError: expected [true] but found [false]
	at org.teamswt301.dirverdatabasedata.dao.test.CharacterCRUDNGTest.testDeleteCharacterWithGivenRightArgumentReturnWell(CharacterCRUDNGTest.java:69)

