<?xml version="1.0" encoding="UTF-8"?>
<testsuite xmlns:xsi="http://www.w3.org/2001/XMLSchema-instance" xsi:noNamespaceSchemaLocation="https://maven.apache.org/surefire/maven-surefire-plugin/xsd/surefire-test-report.xsd" name="TestSuite" time="1.379" tests="14" errors="0" skipped="0" failures="7">
  <properties>
[...]
</properties>
  <testcase name="parameterTest" classname="org.teamswt301.dirverdatabasedata.dao.test.ExamParametersTest" time="0.014"/>
  <testcase name="testSearchFunctionOnCharacterDatabase" classname="org.teamswt301.dirverdatabasedata.dao.test.TestCRUDFunctionOnCharacterDatabase" time="0.001"/>
  <testcase name="testPrintMessage" classname="org.teamswt301.dirverdatabasedata.dao.test.DAOTesting" time="0.001"/>
  <testcase name="testFunctionsearchCharacterGivenExistArgurment" classname="org.teamswt301.dirverdatabasedata.dao.test.DAOTesting" time="0.029"/>
  <testcase name="testGetListCharacterDAO" classname="org.teamswt301.dirverdatabasedata.dao.test.DAOTesting" time="0.043">
    <failure message="expected [6] but found [7]" type="java.lang.AssertionError">java.lang.AssertionError: expected [6] but found [7]
	at org.teamswt301.dirverdatabasedata.dao.test.DAOTesting.testGetListCharacterDAO(DAOTesting.java:40)
</failure>
  </testcase>
  <testcase name="testFunctionGetListCharacterDAOWithDataFromDAO" classname="org.teamswt301.dirverdatabasedata.dao.test.CharacterCRUDTest" time="0.004"/>
  <testcase name="testFunctionGetListCharacterDAOWithDataFromDAO" classname="org.teamswt301.dirverdatabasedata.dao.test.CharacterCRUDTest" time="0">
    <failure message="expected [2] but found [123]" type="java.lang.AssertionError">java.lang.AssertionError: expected [2] but found [123]
	at org.teamswt301.dirverdatabasedata.dao.test.CharacterCRUDTest.testFunctionGetListCharacterDAOWithDataFromDAO(CharacterCRUDTest.java:44)
</failure>
  </testcase>
  <testcase name="testFunctionGetListCharacterDAOWithDataFromDAO" classname="org.teamswt301.dirverdatabasedata.dao.test.CharacterCRUDTest" time="0">
    <failure message="expected [3] but found [2]" type="java.lang.AssertionError">java.lang.AssertionError: expected [3] but found [2]
	at org.teamswt301.dirverdatabasedata.dao.test.CharacterCRUDTest.testFunctionGetListCharacterDAOWithDataFromDAO(CharacterCRUDTest.java:44)
</failure>
  </testcase>
  <testcase name="testFunctionGetListCharacterDAOWithDataFromDAO" classname="org.teamswt301.dirverdatabasedata.dao.test.CharacterCRUDTest" time="0">
    <failure message="expected [4] but found [3]" type="java.lang.AssertionError">java.lang.AssertionError: expected [4] but found [3]
	at org.teamswt301.dirverdatabasedata.dao.test.CharacterCRUDTest.testFunctionGetListCharacterDAOWithDataFromDAO(CharacterCRUDTest.java:44)
</failure>
  </testcase>
  <testcase name="testFunctionGetListCharacterDAOWithDataFromDAO" classname="org.teamswt301.dirverdatabasedata.dao.test.CharacterCRUDTest" time="0.001">
    <failure message="expected [5] but found [4]" type="java.lang.AssertionError">java.lang.AssertionError: expected [5] but found [4]
	at org.teamswt301.dirverdatabasedata.dao.test.CharacterCRUDTest.testFunctionGetListCharacterDAOWithDataFromDAO(CharacterCRUDTest.java:44)
</failure>
  </testcase>
  <testcase name="testFunctionGetListCharacterDAOWithDataFromDAO" classname="org.teamswt301.dirverdatabasedata.dao.test.CharacterCRUDTest" time="0">
    <failure message="expected [6] but found [5]" type="java.lang.AssertionError">java.lang.AssertionError: expected [6] but found [5]
	at org.teamswt301.dirverdatabasedata.dao.test.CharacterCRUDTest.testFunctionGetListCharacterDAOWithDataFromDAO(CharacterCRUDTest.java:44)
</failure>
  </testcase>
  <testcase name="testCreateCharacterWithValues1" classname="org.teamswt301.dirverdatabasedata.dao.test.CharacterCRUDNGTest" time="0"/>
  <testcase name="testCreateCharacterWithValues2" classname="org.teamswt301.dirverdatabasedata.dao.test.CharacterCRUDNGTest" time="0"/>
  <testcase name="testCreateCharacterWithValues3" classname="org.teamswt301.dirverdatabasedata.dao.test.CharacterCRUDNGTest" time="0.055">
    <failure message="expected [true] but found [false]" type="java.lang.AssertionError">java.lang.AssertionError: expected [true] but found [false]
	at org.teamswt301.dirverdatabasedata.dao.test.CharacterCRUDNGTest.testCreateCharacterWithValues3(CharacterCRUDNGTest.java:55)
</failure>
  </testcase>
</testsuite>